<?xml version="1.0" encoding="UTF-8"?>
<!-- Generated by org.testng.reporters.JUnitReportReporter -->
<testsuite hostname="LAPTOP-0U730I4D" failures="0" tests="2" name="com.test.MercuryProg2" time="8.295" errors="0" timestamp="2024-07-18T15:01:17 IST" skipped="0">
  <testcase classname="com.test.MercuryProg2" name="register" time="5.553"/>
  <system-out/>
  <testcase classname="com.test.MercuryProg2" name="login" time="2.742"/>
  <system-out/>
</testsuite> <!-- com.test.MercuryProg2 -->
